

============================== 2022-06-15 09:36:47.379975 | 129bde45-fb0b-46ae-ab11-1f7e3000a280 ==============================
09:36:47.379980 [info ] [MainThread]: Running with dbt=1.1.0
09:36:47.380170 [debug] [MainThread]: running dbt with arguments {'write_json': True, 'use_colors': True, 'printer_width': 80, 'version_check': True, 'partial_parse': True, 'static_parser': True, 'profiles_dir': '/Users/timfaber/.dbt', 'send_anonymous_usage_stats': True, 'event_buffer_size': 100000, 'quiet': False, 'no_print': False, 'project_name': 'jaffle_shop', 'skip_profile_setup': False, 'which': 'init', 'indirect_selection': 'eager'}
09:36:47.380233 [debug] [MainThread]: Tracking: tracking
09:36:47.397424 [debug] [MainThread]: Sending event: {'category': 'dbt', 'action': 'invocation', 'label': 'start', 'context': [<snowplow_tracker.self_describing_json.SelfDescribingJson object at 0x1113b3400>, <snowplow_tracker.self_describing_json.SelfDescribingJson object at 0x1113b3340>, <snowplow_tracker.self_describing_json.SelfDescribingJson object at 0x1113b3370>]}
09:36:47.398182 [info ] [MainThread]: Creating dbt configuration folder at /Users/timfaber/.dbt
09:36:47.398663 [debug] [MainThread]: Starter project path: /opt/homebrew/Cellar/dbt-bigquery/1.1.0/libexec/lib/python3.9/site-packages/dbt/include/starter_project
09:37:58.528078 [info ] [MainThread]: Profile jaffle_shop written to /Users/timfaber/.dbt/profiles.yml using target's profile_template.yml and your supplied values. Run 'dbt debug' to validate the connection.
09:37:58.529166 [info ] [MainThread]: 
Your new dbt project "jaffle_shop" was created!

For more information on how to configure the profiles.yml file,
please consult the dbt documentation here:

  https://docs.getdbt.com/docs/configure-your-profile

One more thing:

Need help? Don't hesitate to reach out to us via GitHub issues or on Slack:

  https://community.getdbt.com/

Happy modeling!

09:37:58.529699 [debug] [MainThread]: Sending event: {'category': 'dbt', 'action': 'invocation', 'label': 'end', 'context': [<snowplow_tracker.self_describing_json.SelfDescribingJson object at 0x1113b3070>, <snowplow_tracker.self_describing_json.SelfDescribingJson object at 0x1113b3370>, <snowplow_tracker.self_describing_json.SelfDescribingJson object at 0x1113b30d0>]}


============================== 2022-06-15 13:40:01.436883 | 3ea4a0ea-e28a-482b-a242-08080f8c7cf2 ==============================
13:40:01.436888 [info ] [MainThread]: Running with dbt=1.1.0
13:40:01.437204 [debug] [MainThread]: running dbt with arguments {'write_json': True, 'use_colors': True, 'printer_width': 80, 'version_check': True, 'partial_parse': True, 'static_parser': True, 'profiles_dir': '/Users/timfaber/.dbt', 'send_anonymous_usage_stats': True, 'event_buffer_size': 100000, 'quiet': False, 'no_print': False, 'config_dir': False, 'which': 'debug', 'indirect_selection': 'eager'}
13:40:01.437264 [debug] [MainThread]: Tracking: tracking
13:40:01.453473 [debug] [MainThread]: Sending event: {'category': 'dbt', 'action': 'invocation', 'label': 'start', 'context': [<snowplow_tracker.self_describing_json.SelfDescribingJson object at 0x1089c79d0>, <snowplow_tracker.self_describing_json.SelfDescribingJson object at 0x1089c7640>, <snowplow_tracker.self_describing_json.SelfDescribingJson object at 0x1089c79a0>]}
13:40:01.651003 [debug] [MainThread]: Executing "git --help"
13:40:01.674449 [debug] [MainThread]: STDOUT: "b"usage: git [--version] [--help] [-C <path>] [-c <name>=<value>]\n           [--exec-path[=<path>]] [--html-path] [--man-path] [--info-path]\n           [-p | --paginate | -P | --no-pager] [--no-replace-objects] [--bare]\n           [--git-dir=<path>] [--work-tree=<path>] [--namespace=<name>]\n           [--super-prefix=<path>] [--config-env=<name>=<envvar>]\n           <command> [<args>]\n\nThese are common Git commands used in various situations:\n\nstart a working area (see also: git help tutorial)\n   clone             Clone a repository into a new directory\n   init              Create an empty Git repository or reinitialize an existing one\n\nwork on the current change (see also: git help everyday)\n   add               Add file contents to the index\n   mv                Move or rename a file, a directory, or a symlink\n   restore           Restore working tree files\n   rm                Remove files from the working tree and from the index\n   sparse-checkout   Initialize and modify the sparse-checkout\n\nexamine the history and state (see also: git help revisions)\n   bisect            Use binary search to find the commit that introduced a bug\n   diff              Show changes between commits, commit and working tree, etc\n   grep              Print lines matching a pattern\n   log               Show commit logs\n   show              Show various types of objects\n   status            Show the working tree status\n\ngrow, mark and tweak your common history\n   branch            List, create, or delete branches\n   commit            Record changes to the repository\n   merge             Join two or more development histories together\n   rebase            Reapply commits on top of another base tip\n   reset             Reset current HEAD to the specified state\n   switch            Switch branches\n   tag               Create, list, delete or verify a tag object signed with GPG\n\ncollaborate (see also: git help workflows)\n   fetch             Download objects and refs from another repository\n   pull              Fetch from and integrate with another repository or a local branch\n   push              Update remote refs along with associated objects\n\n'git help -a' and 'git help -g' list available subcommands and some\nconcept guides. See 'git help <command>' or 'git help <concept>'\nto read about a specific subcommand or concept.\nSee 'git help git' for an overview of the system.\n""
13:40:01.674938 [debug] [MainThread]: STDERR: "b''"
13:40:01.678563 [debug] [MainThread]: Acquiring new bigquery connection "debug"
13:40:01.679113 [debug] [MainThread]: Opening a new connection, currently in state init
13:40:01.680821 [debug] [MainThread]: On debug: select 1 as id
13:40:02.331321 [debug] [MainThread]: Sending event: {'category': 'dbt', 'action': 'invocation', 'label': 'end', 'context': [<snowplow_tracker.self_describing_json.SelfDescribingJson object at 0x106732730>, <snowplow_tracker.self_describing_json.SelfDescribingJson object at 0x109cb5d30>, <snowplow_tracker.self_describing_json.SelfDescribingJson object at 0x109cb5e80>]}
13:40:02.737221 [debug] [MainThread]: Connection 'debug' was properly closed.
